<?xml version="1.0" encoding="UTF-8"?>
<!-- Generated by org.testng.reporters.JUnitReportReporter -->
<testsuite skipped="0" hostname="user-PC" name="example.NewTest" tests="1" failures="0" timestamp="25 Jun 2017 14:47:40 GMT" time="3.768" errors="0">
  <testcase name="testEasy" time="3.768" classname="example.NewTest"/>
</testsuite> <!-- example.NewTest -->
