<?xml version="1.0" encoding="UTF-8"?>
<!-- Generated by org.testng.reporters.JUnitReportReporter -->
<testsuite skipped="0" hostname="user-PC" name="example.NewTest" tests="1" failures="0" timestamp="26 Jun 2017 09:27:39 GMT" time="6.734" errors="0">
  <testcase name="testEasy" time="6.734" classname="example.NewTest"/>
</testsuite> <!-- example.NewTest -->
